{"C:\\Users\\bi_me\\Desktop\\microverse\\module-2\\ToDoProject\\src\\addRemove.js": {"path":"C:\\Users\\bi_me\\Desktop\\microverse\\module-2\\ToDoProject\\src\\addRemove.js","statementMap":{"0":{"start":{"line":1,"column":26},"end":{"line":19,"column":1}},"1":{"start":{"line":2,"column":16},"end":{"line":2,"column":44}},"2":{"start":{"line":3,"column":2},"end":{"line":3,"column":47}},"3":{"start":{"line":4,"column":2},"end":{"line":4,"column":33}},"4":{"start":{"line":5,"column":16},"end":{"line":5,"column":18}},"5":{"start":{"line":6,"column":2},"end":{"line":6,"column":33}},"6":{"start":{"line":6,"column":13},"end":{"line":6,"column":33}},"7":{"start":{"line":7,"column":2},"end":{"line":17,"column":13}},"8":{"start":{"line":18,"column":2},"end":{"line":18,"column":94}},"9":{"start":{"line":18,"column":41},"end":{"line":18,"column":92}},"10":{"start":{"line":21,"column":26},"end":{"line":21,"column":72}},"11":{"start":{"line":21,"column":32},"end":{"line":21,"column":72}},"12":{"start":{"line":22,"column":19},"end":{"line":22,"column":79}},"13":{"start":{"line":22,"column":29},"end":{"line":22,"column":79}},"14":{"start":{"line":24,"column":26},"end":{"line":44,"column":1}},"15":{"start":{"line":25,"column":13},"end":{"line":25,"column":14}},"16":{"start":{"line":26,"column":18},"end":{"line":30,"column":3}},"17":{"start":{"line":31,"column":14},"end":{"line":31,"column":26}},"18":{"start":{"line":33,"column":2},"end":{"line":42,"column":3}},"19":{"start":{"line":34,"column":4},"end":{"line":34,"column":22}},"20":{"start":{"line":35,"column":4},"end":{"line":35,"column":25}},"21":{"start":{"line":36,"column":4},"end":{"line":36,"column":22}},"22":{"start":{"line":37,"column":4},"end":{"line":37,"column":20}},"23":{"start":{"line":39,"column":19},"end":{"line":39,"column":21}},"24":{"start":{"line":40,"column":4},"end":{"line":40,"column":25}},"25":{"start":{"line":41,"column":4},"end":{"line":41,"column":23}},"26":{"start":{"line":43,"column":2},"end":{"line":43,"column":25}},"27":{"start":{"line":46,"column":26},"end":{"line":51,"column":1}},"28":{"start":{"line":47,"column":2},"end":{"line":47,"column":32}},"29":{"start":{"line":48,"column":2},"end":{"line":48,"column":33}},"30":{"start":{"line":49,"column":2},"end":{"line":49,"column":33}},"31":{"start":{"line":50,"column":2},"end":{"line":50,"column":31}},"32":{"start":{"line":53,"column":23},"end":{"line":59,"column":1}},"33":{"start":{"line":54,"column":13},"end":{"line":54,"column":34}},"34":{"start":{"line":55,"column":14},"end":{"line":55,"column":26}},"35":{"start":{"line":56,"column":2},"end":{"line":56,"column":49}},"36":{"start":{"line":57,"column":2},"end":{"line":57,"column":29}},"37":{"start":{"line":58,"column":2},"end":{"line":58,"column":52}},"38":{"start":{"line":61,"column":17},"end":{"line":73,"column":1}},"39":{"start":{"line":62,"column":2},"end":{"line":72,"column":5}},"40":{"start":{"line":63,"column":4},"end":{"line":63,"column":23}},"41":{"start":{"line":64,"column":4},"end":{"line":64,"column":24}},"42":{"start":{"line":65,"column":4},"end":{"line":65,"column":38}},"43":{"start":{"line":66,"column":4},"end":{"line":66,"column":37}},"44":{"start":{"line":67,"column":4},"end":{"line":67,"column":38}},"45":{"start":{"line":68,"column":4},"end":{"line":68,"column":34}},"46":{"start":{"line":69,"column":4},"end":{"line":69,"column":34}},"47":{"start":{"line":70,"column":4},"end":{"line":70,"column":36}},"48":{"start":{"line":71,"column":4},"end":{"line":71,"column":29}},"49":{"start":{"line":75,"column":22},"end":{"line":80,"column":1}},"50":{"start":{"line":76,"column":15},"end":{"line":76,"column":58}},"51":{"start":{"line":77,"column":2},"end":{"line":79,"column":3}},"52":{"start":{"line":77,"column":15},"end":{"line":77,"column":16}},"53":{"start":{"line":78,"column":4},"end":{"line":78,"column":34}},"54":{"start":{"line":82,"column":24},"end":{"line":90,"column":1}},"55":{"start":{"line":83,"column":14},"end":{"line":83,"column":26}},"56":{"start":{"line":84,"column":10},"end":{"line":84,"column":11}},"57":{"start":{"line":85,"column":2},"end":{"line":88,"column":5}},"58":{"start":{"line":86,"column":4},"end":{"line":86,"column":22}},"59":{"start":{"line":87,"column":4},"end":{"line":87,"column":11}},"60":{"start":{"line":89,"column":2},"end":{"line":89,"column":52}},"61":{"start":{"line":92,"column":22},"end":{"line":99,"column":1}},"62":{"start":{"line":93,"column":14},"end":{"line":93,"column":26}},"63":{"start":{"line":94,"column":2},"end":{"line":94,"column":23}},"64":{"start":{"line":95,"column":2},"end":{"line":95,"column":52}},"65":{"start":{"line":96,"column":2},"end":{"line":96,"column":14}},"66":{"start":{"line":97,"column":2},"end":{"line":97,"column":11}},"67":{"start":{"line":98,"column":2},"end":{"line":98,"column":13}},"68":{"start":{"line":101,"column":24},"end":{"line":107,"column":1}},"69":{"start":{"line":102,"column":2},"end":{"line":106,"column":5}},"70":{"start":{"line":103,"column":4},"end":{"line":103,"column":23}},"71":{"start":{"line":104,"column":4},"end":{"line":104,"column":24}},"72":{"start":{"line":105,"column":4},"end":{"line":105,"column":15}},"73":{"start":{"line":109,"column":24},"end":{"line":122,"column":1}},"74":{"start":{"line":110,"column":15},"end":{"line":110,"column":34}},"75":{"start":{"line":111,"column":15},"end":{"line":111,"column":83}},"76":{"start":{"line":112,"column":16},"end":{"line":112,"column":61}},"77":{"start":{"line":113,"column":15},"end":{"line":113,"column":56}},"78":{"start":{"line":114,"column":16},"end":{"line":114,"column":76}},"79":{"start":{"line":115,"column":13},"end":{"line":115,"column":49}},"80":{"start":{"line":116,"column":2},"end":{"line":116,"column":35}},"81":{"start":{"line":117,"column":2},"end":{"line":117,"column":35}},"82":{"start":{"line":118,"column":2},"end":{"line":118,"column":44}},"83":{"start":{"line":119,"column":2},"end":{"line":119,"column":31}},"84":{"start":{"line":120,"column":2},"end":{"line":120,"column":47}},"85":{"start":{"line":121,"column":2},"end":{"line":121,"column":22}},"86":{"start":{"line":124,"column":26},"end":{"line":128,"column":1}},"87":{"start":{"line":125,"column":2},"end":{"line":127,"column":3}},"88":{"start":{"line":125,"column":15},"end":{"line":125,"column":16}},"89":{"start":{"line":126,"column":4},"end":{"line":126,"column":53}},"90":{"start":{"line":130,"column":25},"end":{"line":133,"column":1}},"91":{"start":{"line":131,"column":16},"end":{"line":131,"column":56}},"92":{"start":{"line":132,"column":2},"end":{"line":132,"column":15}},"93":{"start":{"line":135,"column":25},"end":{"line":141,"column":1}},"94":{"start":{"line":136,"column":14},"end":{"line":136,"column":26}},"95":{"start":{"line":137,"column":2},"end":{"line":139,"column":51}},"96":{"start":{"line":138,"column":4},"end":{"line":138,"column":45}},"97":{"start":{"line":139,"column":9},"end":{"line":139,"column":51}},"98":{"start":{"line":140,"column":2},"end":{"line":140,"column":52}},"99":{"start":{"line":143,"column":33},"end":{"line":154,"column":1}},"100":{"start":{"line":144,"column":21},"end":{"line":144,"column":32}},"101":{"start":{"line":145,"column":15},"end":{"line":145,"column":32}},"102":{"start":{"line":146,"column":14},"end":{"line":146,"column":26}},"103":{"start":{"line":147,"column":18},"end":{"line":147,"column":55}},"104":{"start":{"line":147,"column":39},"end":{"line":147,"column":54}},"105":{"start":{"line":148,"column":2},"end":{"line":150,"column":3}},"106":{"start":{"line":148,"column":15},"end":{"line":148,"column":23}},"107":{"start":{"line":149,"column":4},"end":{"line":149,"column":63}},"108":{"start":{"line":149,"column":26},"end":{"line":149,"column":63}},"109":{"start":{"line":151,"column":2},"end":{"line":151,"column":56}},"110":{"start":{"line":152,"column":2},"end":{"line":152,"column":11}},"111":{"start":{"line":153,"column":2},"end":{"line":153,"column":13}}},"fnMap":{"0":{"name":"(anonymous_0)","decl":{"start":{"line":1,"column":26},"end":{"line":1,"column":27}},"loc":{"start":{"line":1,"column":49},"end":{"line":19,"column":1}},"line":1},"1":{"name":"(anonymous_1)","decl":{"start":{"line":21,"column":26},"end":{"line":21,"column":27}},"loc":{"start":{"line":21,"column":32},"end":{"line":21,"column":72}},"line":21},"2":{"name":"(anonymous_2)","decl":{"start":{"line":22,"column":19},"end":{"line":22,"column":20}},"loc":{"start":{"line":22,"column":29},"end":{"line":22,"column":79}},"line":22},"3":{"name":"(anonymous_3)","decl":{"start":{"line":24,"column":26},"end":{"line":24,"column":27}},"loc":{"start":{"line":24,"column":36},"end":{"line":44,"column":1}},"line":24},"4":{"name":"(anonymous_4)","decl":{"start":{"line":46,"column":26},"end":{"line":46,"column":27}},"loc":{"start":{"line":46,"column":54},"end":{"line":51,"column":1}},"line":46},"5":{"name":"(anonymous_5)","decl":{"start":{"line":53,"column":23},"end":{"line":53,"column":24}},"loc":{"start":{"line":53,"column":37},"end":{"line":59,"column":1}},"line":53},"6":{"name":"(anonymous_6)","decl":{"start":{"line":61,"column":17},"end":{"line":61,"column":18}},"loc":{"start":{"line":61,"column":57},"end":{"line":73,"column":1}},"line":61},"7":{"name":"(anonymous_7)","decl":{"start":{"line":62,"column":35},"end":{"line":62,"column":36}},"loc":{"start":{"line":62,"column":42},"end":{"line":72,"column":3}},"line":62},"8":{"name":"(anonymous_8)","decl":{"start":{"line":75,"column":22},"end":{"line":75,"column":23}},"loc":{"start":{"line":75,"column":28},"end":{"line":80,"column":1}},"line":75},"9":{"name":"(anonymous_9)","decl":{"start":{"line":82,"column":24},"end":{"line":82,"column":25}},"loc":{"start":{"line":82,"column":30},"end":{"line":90,"column":1}},"line":82},"10":{"name":"(anonymous_10)","decl":{"start":{"line":85,"column":14},"end":{"line":85,"column":15}},"loc":{"start":{"line":85,"column":27},"end":{"line":88,"column":3}},"line":85},"11":{"name":"(anonymous_11)","decl":{"start":{"line":92,"column":22},"end":{"line":92,"column":23}},"loc":{"start":{"line":92,"column":30},"end":{"line":99,"column":1}},"line":92},"12":{"name":"(anonymous_12)","decl":{"start":{"line":101,"column":24},"end":{"line":101,"column":25}},"loc":{"start":{"line":101,"column":39},"end":{"line":107,"column":1}},"line":101},"13":{"name":"(anonymous_13)","decl":{"start":{"line":102,"column":36},"end":{"line":102,"column":37}},"loc":{"start":{"line":102,"column":43},"end":{"line":106,"column":3}},"line":102},"14":{"name":"(anonymous_14)","decl":{"start":{"line":109,"column":24},"end":{"line":109,"column":25}},"loc":{"start":{"line":109,"column":31},"end":{"line":122,"column":1}},"line":109},"15":{"name":"(anonymous_15)","decl":{"start":{"line":124,"column":26},"end":{"line":124,"column":27}},"loc":{"start":{"line":124,"column":36},"end":{"line":128,"column":1}},"line":124},"16":{"name":"(anonymous_16)","decl":{"start":{"line":130,"column":25},"end":{"line":130,"column":26}},"loc":{"start":{"line":130,"column":31},"end":{"line":133,"column":1}},"line":130},"17":{"name":"(anonymous_17)","decl":{"start":{"line":135,"column":25},"end":{"line":135,"column":26}},"loc":{"start":{"line":135,"column":32},"end":{"line":141,"column":1}},"line":135},"18":{"name":"(anonymous_18)","decl":{"start":{"line":143,"column":33},"end":{"line":143,"column":34}},"loc":{"start":{"line":143,"column":39},"end":{"line":154,"column":1}},"line":143},"19":{"name":"(anonymous_19)","decl":{"start":{"line":147,"column":29},"end":{"line":147,"column":30}},"loc":{"start":{"line":147,"column":39},"end":{"line":147,"column":54}},"line":147}},"branchMap":{"0":{"loc":{"start":{"line":6,"column":2},"end":{"line":6,"column":33}},"type":"if","locations":[{"start":{"line":6,"column":2},"end":{"line":6,"column":33}},{"start":{},"end":{}}],"line":6},"1":{"loc":{"start":{"line":18,"column":2},"end":{"line":18,"column":94}},"type":"if","locations":[{"start":{"line":18,"column":2},"end":{"line":18,"column":94}},{"start":{},"end":{}}],"line":18},"2":{"loc":{"start":{"line":33,"column":2},"end":{"line":42,"column":3}},"type":"if","locations":[{"start":{"line":33,"column":2},"end":{"line":42,"column":3}},{"start":{"line":38,"column":9},"end":{"line":42,"column":3}}],"line":33},"3":{"loc":{"start":{"line":33,"column":6},"end":{"line":33,"column":17}},"type":"binary-expr","locations":[{"start":{"line":33,"column":6},"end":{"line":33,"column":9}},{"start":{"line":33,"column":13},"end":{"line":33,"column":17}}],"line":33},"4":{"loc":{"start":{"line":137,"column":2},"end":{"line":139,"column":51}},"type":"if","locations":[{"start":{"line":137,"column":2},"end":{"line":139,"column":51}},{"start":{"line":139,"column":9},"end":{"line":139,"column":51}}],"line":137},"5":{"loc":{"start":{"line":149,"column":4},"end":{"line":149,"column":63}},"type":"if","locations":[{"start":{"line":149,"column":4},"end":{"line":149,"column":63}},{"start":{},"end":{}}],"line":149}},"s":{"0":4,"1":11,"2":11,"3":11,"4":11,"5":11,"6":0,"7":11,"8":11,"9":11,"10":4,"11":35,"12":4,"13":11,"14":4,"15":11,"16":11,"17":11,"18":11,"19":7,"20":7,"21":7,"22":7,"23":4,"24":4,"25":4,"26":11,"27":4,"28":0,"29":0,"30":0,"31":0,"32":4,"33":2,"34":2,"35":2,"36":2,"37":2,"38":4,"39":0,"40":0,"41":0,"42":0,"43":0,"44":0,"45":0,"46":0,"47":0,"48":0,"49":4,"50":3,"51":3,"52":3,"53":5,"54":4,"55":3,"56":3,"57":3,"58":5,"59":5,"60":3,"61":4,"62":2,"63":2,"64":2,"65":2,"66":2,"67":2,"68":4,"69":0,"70":0,"71":0,"72":0,"73":4,"74":0,"75":0,"76":0,"77":0,"78":0,"79":0,"80":0,"81":0,"82":0,"83":0,"84":0,"85":0,"86":4,"87":0,"88":0,"89":0,"90":4,"91":1,"92":1,"93":4,"94":5,"95":5,"96":4,"97":1,"98":5,"99":4,"100":1,"101":1,"102":1,"103":1,"104":4,"105":1,"106":1,"107":4,"108":2,"109":1,"110":1,"111":1},"f":{"0":11,"1":35,"2":11,"3":11,"4":0,"5":2,"6":0,"7":0,"8":3,"9":3,"10":5,"11":2,"12":0,"13":0,"14":0,"15":0,"16":1,"17":5,"18":1,"19":4},"b":{"0":[0,11],"1":[11,0],"2":[7,4],"3":[11,4],"4":[4,1],"5":[2,2]},"_coverageSchema":"1a1c01bbd47fc00a2c39e90264f33305004495a9","hash":"5ed29cd5b8e45e57555b3b2681ad556b98c433c9"}
}
