{"C:\\Users\\bi_me\\Desktop\\microverse\\module-2\\ToDoProject\\src\\addRemove.js": {"path":"C:\\Users\\bi_me\\Desktop\\microverse\\module-2\\ToDoProject\\src\\addRemove.js","statementMap":{"0":{"start":{"line":1,"column":26},"end":{"line":19,"column":1}},"1":{"start":{"line":2,"column":16},"end":{"line":2,"column":44}},"2":{"start":{"line":3,"column":2},"end":{"line":3,"column":47}},"3":{"start":{"line":4,"column":2},"end":{"line":4,"column":33}},"4":{"start":{"line":5,"column":16},"end":{"line":5,"column":18}},"5":{"start":{"line":6,"column":2},"end":{"line":6,"column":33}},"6":{"start":{"line":6,"column":13},"end":{"line":6,"column":33}},"7":{"start":{"line":7,"column":2},"end":{"line":17,"column":13}},"8":{"start":{"line":18,"column":2},"end":{"line":18,"column":94}},"9":{"start":{"line":18,"column":41},"end":{"line":18,"column":92}},"10":{"start":{"line":21,"column":26},"end":{"line":21,"column":72}},"11":{"start":{"line":21,"column":32},"end":{"line":21,"column":72}},"12":{"start":{"line":22,"column":19},"end":{"line":22,"column":79}},"13":{"start":{"line":22,"column":29},"end":{"line":22,"column":79}},"14":{"start":{"line":24,"column":26},"end":{"line":44,"column":1}},"15":{"start":{"line":25,"column":13},"end":{"line":25,"column":14}},"16":{"start":{"line":26,"column":18},"end":{"line":30,"column":3}},"17":{"start":{"line":31,"column":14},"end":{"line":31,"column":26}},"18":{"start":{"line":33,"column":2},"end":{"line":42,"column":3}},"19":{"start":{"line":34,"column":4},"end":{"line":34,"column":22}},"20":{"start":{"line":35,"column":4},"end":{"line":35,"column":25}},"21":{"start":{"line":36,"column":4},"end":{"line":36,"column":22}},"22":{"start":{"line":37,"column":4},"end":{"line":37,"column":20}},"23":{"start":{"line":39,"column":19},"end":{"line":39,"column":21}},"24":{"start":{"line":40,"column":4},"end":{"line":40,"column":25}},"25":{"start":{"line":41,"column":4},"end":{"line":41,"column":23}},"26":{"start":{"line":43,"column":2},"end":{"line":43,"column":25}},"27":{"start":{"line":46,"column":26},"end":{"line":51,"column":1}},"28":{"start":{"line":47,"column":2},"end":{"line":47,"column":32}},"29":{"start":{"line":48,"column":2},"end":{"line":48,"column":33}},"30":{"start":{"line":49,"column":2},"end":{"line":49,"column":33}},"31":{"start":{"line":50,"column":2},"end":{"line":50,"column":31}},"32":{"start":{"line":53,"column":16},"end":{"line":58,"column":1}},"33":{"start":{"line":54,"column":13},"end":{"line":54,"column":34}},"34":{"start":{"line":55,"column":14},"end":{"line":55,"column":54}},"35":{"start":{"line":56,"column":2},"end":{"line":56,"column":29}},"36":{"start":{"line":57,"column":2},"end":{"line":57,"column":52}},"37":{"start":{"line":60,"column":17},"end":{"line":73,"column":1}},"38":{"start":{"line":61,"column":2},"end":{"line":72,"column":5}},"39":{"start":{"line":62,"column":4},"end":{"line":62,"column":23}},"40":{"start":{"line":63,"column":4},"end":{"line":63,"column":24}},"41":{"start":{"line":64,"column":4},"end":{"line":64,"column":33}},"42":{"start":{"line":65,"column":4},"end":{"line":65,"column":38}},"43":{"start":{"line":66,"column":4},"end":{"line":66,"column":37}},"44":{"start":{"line":67,"column":4},"end":{"line":67,"column":38}},"45":{"start":{"line":68,"column":4},"end":{"line":68,"column":34}},"46":{"start":{"line":69,"column":4},"end":{"line":69,"column":34}},"47":{"start":{"line":70,"column":4},"end":{"line":70,"column":36}},"48":{"start":{"line":71,"column":4},"end":{"line":71,"column":32}},"49":{"start":{"line":75,"column":22},"end":{"line":80,"column":1}},"50":{"start":{"line":76,"column":15},"end":{"line":76,"column":58}},"51":{"start":{"line":77,"column":2},"end":{"line":79,"column":3}},"52":{"start":{"line":77,"column":15},"end":{"line":77,"column":16}},"53":{"start":{"line":78,"column":4},"end":{"line":78,"column":34}},"54":{"start":{"line":82,"column":24},"end":{"line":90,"column":1}},"55":{"start":{"line":83,"column":14},"end":{"line":83,"column":54}},"56":{"start":{"line":84,"column":10},"end":{"line":84,"column":11}},"57":{"start":{"line":85,"column":2},"end":{"line":88,"column":5}},"58":{"start":{"line":86,"column":4},"end":{"line":86,"column":22}},"59":{"start":{"line":87,"column":4},"end":{"line":87,"column":11}},"60":{"start":{"line":89,"column":2},"end":{"line":89,"column":52}},"61":{"start":{"line":92,"column":22},"end":{"line":99,"column":1}},"62":{"start":{"line":93,"column":14},"end":{"line":93,"column":26}},"63":{"start":{"line":94,"column":2},"end":{"line":94,"column":23}},"64":{"start":{"line":95,"column":2},"end":{"line":95,"column":52}},"65":{"start":{"line":96,"column":2},"end":{"line":96,"column":14}},"66":{"start":{"line":97,"column":2},"end":{"line":97,"column":11}},"67":{"start":{"line":98,"column":2},"end":{"line":98,"column":13}},"68":{"start":{"line":102,"column":24},"end":{"line":108,"column":1}},"69":{"start":{"line":103,"column":2},"end":{"line":107,"column":5}},"70":{"start":{"line":104,"column":4},"end":{"line":104,"column":23}},"71":{"start":{"line":105,"column":4},"end":{"line":105,"column":24}},"72":{"start":{"line":106,"column":4},"end":{"line":106,"column":15}},"73":{"start":{"line":110,"column":24},"end":{"line":123,"column":1}},"74":{"start":{"line":111,"column":15},"end":{"line":111,"column":34}},"75":{"start":{"line":112,"column":15},"end":{"line":112,"column":83}},"76":{"start":{"line":113,"column":16},"end":{"line":113,"column":61}},"77":{"start":{"line":114,"column":15},"end":{"line":114,"column":56}},"78":{"start":{"line":115,"column":16},"end":{"line":115,"column":76}},"79":{"start":{"line":116,"column":13},"end":{"line":116,"column":49}},"80":{"start":{"line":117,"column":2},"end":{"line":117,"column":35}},"81":{"start":{"line":118,"column":2},"end":{"line":118,"column":35}},"82":{"start":{"line":119,"column":2},"end":{"line":119,"column":44}},"83":{"start":{"line":120,"column":2},"end":{"line":120,"column":31}},"84":{"start":{"line":121,"column":2},"end":{"line":121,"column":47}},"85":{"start":{"line":122,"column":2},"end":{"line":122,"column":22}},"86":{"start":{"line":125,"column":26},"end":{"line":129,"column":1}},"87":{"start":{"line":126,"column":2},"end":{"line":128,"column":3}},"88":{"start":{"line":126,"column":15},"end":{"line":126,"column":16}},"89":{"start":{"line":127,"column":4},"end":{"line":127,"column":53}},"90":{"start":{"line":131,"column":25},"end":{"line":134,"column":1}},"91":{"start":{"line":132,"column":16},"end":{"line":132,"column":56}},"92":{"start":{"line":133,"column":2},"end":{"line":133,"column":15}}},"fnMap":{"0":{"name":"(anonymous_0)","decl":{"start":{"line":1,"column":26},"end":{"line":1,"column":27}},"loc":{"start":{"line":1,"column":49},"end":{"line":19,"column":1}},"line":1},"1":{"name":"(anonymous_1)","decl":{"start":{"line":21,"column":26},"end":{"line":21,"column":27}},"loc":{"start":{"line":21,"column":32},"end":{"line":21,"column":72}},"line":21},"2":{"name":"(anonymous_2)","decl":{"start":{"line":22,"column":19},"end":{"line":22,"column":20}},"loc":{"start":{"line":22,"column":29},"end":{"line":22,"column":79}},"line":22},"3":{"name":"(anonymous_3)","decl":{"start":{"line":24,"column":26},"end":{"line":24,"column":27}},"loc":{"start":{"line":24,"column":36},"end":{"line":44,"column":1}},"line":24},"4":{"name":"(anonymous_4)","decl":{"start":{"line":46,"column":26},"end":{"line":46,"column":27}},"loc":{"start":{"line":46,"column":54},"end":{"line":51,"column":1}},"line":46},"5":{"name":"(anonymous_5)","decl":{"start":{"line":53,"column":16},"end":{"line":53,"column":17}},"loc":{"start":{"line":53,"column":30},"end":{"line":58,"column":1}},"line":53},"6":{"name":"(anonymous_6)","decl":{"start":{"line":60,"column":17},"end":{"line":60,"column":18}},"loc":{"start":{"line":60,"column":57},"end":{"line":73,"column":1}},"line":60},"7":{"name":"(anonymous_7)","decl":{"start":{"line":61,"column":35},"end":{"line":61,"column":36}},"loc":{"start":{"line":61,"column":42},"end":{"line":72,"column":3}},"line":61},"8":{"name":"(anonymous_8)","decl":{"start":{"line":75,"column":22},"end":{"line":75,"column":23}},"loc":{"start":{"line":75,"column":28},"end":{"line":80,"column":1}},"line":75},"9":{"name":"(anonymous_9)","decl":{"start":{"line":82,"column":24},"end":{"line":82,"column":25}},"loc":{"start":{"line":82,"column":30},"end":{"line":90,"column":1}},"line":82},"10":{"name":"(anonymous_10)","decl":{"start":{"line":85,"column":14},"end":{"line":85,"column":15}},"loc":{"start":{"line":85,"column":27},"end":{"line":88,"column":3}},"line":85},"11":{"name":"(anonymous_11)","decl":{"start":{"line":92,"column":22},"end":{"line":92,"column":23}},"loc":{"start":{"line":92,"column":30},"end":{"line":99,"column":1}},"line":92},"12":{"name":"(anonymous_12)","decl":{"start":{"line":102,"column":24},"end":{"line":102,"column":25}},"loc":{"start":{"line":102,"column":39},"end":{"line":108,"column":1}},"line":102},"13":{"name":"(anonymous_13)","decl":{"start":{"line":103,"column":36},"end":{"line":103,"column":37}},"loc":{"start":{"line":103,"column":43},"end":{"line":107,"column":3}},"line":103},"14":{"name":"(anonymous_14)","decl":{"start":{"line":110,"column":24},"end":{"line":110,"column":25}},"loc":{"start":{"line":110,"column":31},"end":{"line":123,"column":1}},"line":110},"15":{"name":"(anonymous_15)","decl":{"start":{"line":125,"column":26},"end":{"line":125,"column":27}},"loc":{"start":{"line":125,"column":36},"end":{"line":129,"column":1}},"line":125},"16":{"name":"(anonymous_16)","decl":{"start":{"line":131,"column":25},"end":{"line":131,"column":26}},"loc":{"start":{"line":131,"column":31},"end":{"line":134,"column":1}},"line":131}},"branchMap":{"0":{"loc":{"start":{"line":6,"column":2},"end":{"line":6,"column":33}},"type":"if","locations":[{"start":{"line":6,"column":2},"end":{"line":6,"column":33}},{"start":{},"end":{}}],"line":6},"1":{"loc":{"start":{"line":18,"column":2},"end":{"line":18,"column":94}},"type":"if","locations":[{"start":{"line":18,"column":2},"end":{"line":18,"column":94}},{"start":{},"end":{}}],"line":18},"2":{"loc":{"start":{"line":33,"column":2},"end":{"line":42,"column":3}},"type":"if","locations":[{"start":{"line":33,"column":2},"end":{"line":42,"column":3}},{"start":{"line":38,"column":9},"end":{"line":42,"column":3}}],"line":33},"3":{"loc":{"start":{"line":33,"column":6},"end":{"line":33,"column":17}},"type":"binary-expr","locations":[{"start":{"line":33,"column":6},"end":{"line":33,"column":9}},{"start":{"line":33,"column":13},"end":{"line":33,"column":17}}],"line":33}},"s":{"0":1,"1":3,"2":3,"3":3,"4":3,"5":3,"6":0,"7":3,"8":3,"9":3,"10":1,"11":10,"12":1,"13":3,"14":1,"15":3,"16":3,"17":3,"18":3,"19":2,"20":2,"21":2,"22":2,"23":1,"24":1,"25":1,"26":3,"27":1,"28":0,"29":0,"30":0,"31":0,"32":1,"33":0,"34":0,"35":0,"36":0,"37":1,"38":0,"39":0,"40":0,"41":0,"42":0,"43":0,"44":0,"45":0,"46":0,"47":0,"48":0,"49":1,"50":2,"51":2,"52":2,"53":3,"54":1,"55":2,"56":2,"57":2,"58":3,"59":3,"60":2,"61":1,"62":2,"63":2,"64":2,"65":2,"66":2,"67":2,"68":1,"69":0,"70":0,"71":0,"72":0,"73":1,"74":0,"75":0,"76":0,"77":0,"78":0,"79":0,"80":0,"81":0,"82":0,"83":0,"84":0,"85":0,"86":1,"87":0,"88":0,"89":0,"90":1,"91":0,"92":0},"f":{"0":3,"1":10,"2":3,"3":3,"4":0,"5":0,"6":0,"7":0,"8":2,"9":2,"10":3,"11":2,"12":0,"13":0,"14":0,"15":0,"16":0},"b":{"0":[0,3],"1":[3,0],"2":[2,1],"3":[3,1]},"_coverageSchema":"1a1c01bbd47fc00a2c39e90264f33305004495a9","hash":"c6bf1e47bc8f4b175b055ac8aef58bdf844533e8"}
}
