TN:
SF:src\addRemove.js
FN:1,(anonymous_0)
FN:21,(anonymous_1)
FN:22,(anonymous_2)
FN:24,(anonymous_3)
FN:46,(anonymous_4)
FN:53,(anonymous_5)
FN:61,(anonymous_6)
FN:62,(anonymous_7)
FN:75,(anonymous_8)
FN:82,(anonymous_9)
FN:85,(anonymous_10)
FN:92,(anonymous_11)
FN:101,(anonymous_12)
FN:102,(anonymous_13)
FN:109,(anonymous_14)
FN:124,(anonymous_15)
FN:130,(anonymous_16)
FN:135,(anonymous_17)
FN:143,(anonymous_18)
FN:147,(anonymous_19)
FNF:20
FNH:13
FNDA:11,(anonymous_0)
FNDA:35,(anonymous_1)
FNDA:11,(anonymous_2)
FNDA:11,(anonymous_3)
FNDA:0,(anonymous_4)
FNDA:2,(anonymous_5)
FNDA:0,(anonymous_6)
FNDA:0,(anonymous_7)
FNDA:3,(anonymous_8)
FNDA:3,(anonymous_9)
FNDA:5,(anonymous_10)
FNDA:2,(anonymous_11)
FNDA:0,(anonymous_12)
FNDA:0,(anonymous_13)
FNDA:0,(anonymous_14)
FNDA:0,(anonymous_15)
FNDA:1,(anonymous_16)
FNDA:5,(anonymous_17)
FNDA:1,(anonymous_18)
FNDA:4,(anonymous_19)
DA:1,4
DA:2,11
DA:3,11
DA:4,11
DA:5,11
DA:6,11
DA:7,11
DA:18,11
DA:21,35
DA:22,11
DA:24,4
DA:25,11
DA:26,11
DA:31,11
DA:33,11
DA:34,7
DA:35,7
DA:36,7
DA:37,7
DA:39,4
DA:40,4
DA:41,4
DA:43,11
DA:46,4
DA:47,0
DA:48,0
DA:49,0
DA:50,0
DA:53,4
DA:54,2
DA:55,2
DA:56,2
DA:57,2
DA:58,2
DA:61,4
DA:62,0
DA:63,0
DA:64,0
DA:65,0
DA:66,0
DA:67,0
DA:68,0
DA:69,0
DA:70,0
DA:71,0
DA:75,4
DA:76,3
DA:77,3
DA:78,5
DA:82,4
DA:83,3
DA:84,3
DA:85,3
DA:86,5
DA:87,5
DA:89,3
DA:92,4
DA:93,2
DA:94,2
DA:95,2
DA:96,2
DA:97,2
DA:98,2
DA:101,4
DA:102,0
DA:103,0
DA:104,0
DA:105,0
DA:109,4
DA:110,0
DA:111,0
DA:112,0
DA:113,0
DA:114,0
DA:115,0
DA:116,0
DA:117,0
DA:118,0
DA:119,0
DA:120,0
DA:121,0
DA:124,4
DA:125,0
DA:126,0
DA:130,4
DA:131,1
DA:132,1
DA:135,4
DA:136,5
DA:137,5
DA:138,4
DA:139,1
DA:140,5
DA:143,4
DA:144,1
DA:145,1
DA:146,1
DA:147,4
DA:148,1
DA:149,4
DA:151,1
DA:152,1
DA:153,1
LF:103
LH:71
BRDA:6,0,0,0
BRDA:6,0,1,11
BRDA:18,1,0,11
BRDA:18,1,1,0
BRDA:33,2,0,7
BRDA:33,2,1,4
BRDA:33,3,0,11
BRDA:33,3,1,4
BRDA:137,4,0,4
BRDA:137,4,1,1
BRDA:149,5,0,2
BRDA:149,5,1,2
BRF:12
BRH:10
end_of_record
