TN:
SF:src\addRemove.js
FN:1,(anonymous_0)
FN:21,(anonymous_1)
FN:22,(anonymous_2)
FN:24,(anonymous_3)
FN:46,(anonymous_4)
FN:53,(anonymous_5)
FN:60,(anonymous_6)
FN:61,(anonymous_7)
FN:75,(anonymous_8)
FN:82,(anonymous_9)
FN:85,(anonymous_10)
FN:92,(anonymous_11)
FN:101,(anonymous_12)
FN:102,(anonymous_13)
FN:109,(anonymous_14)
FN:124,(anonymous_15)
FN:130,(anonymous_16)
FNF:17
FNH:8
FNDA:3,(anonymous_0)
FNDA:10,(anonymous_1)
FNDA:3,(anonymous_2)
FNDA:3,(anonymous_3)
FNDA:0,(anonymous_4)
FNDA:0,(anonymous_5)
FNDA:0,(anonymous_6)
FNDA:0,(anonymous_7)
FNDA:2,(anonymous_8)
FNDA:2,(anonymous_9)
FNDA:3,(anonymous_10)
FNDA:2,(anonymous_11)
FNDA:0,(anonymous_12)
FNDA:0,(anonymous_13)
FNDA:0,(anonymous_14)
FNDA:0,(anonymous_15)
FNDA:0,(anonymous_16)
DA:1,1
DA:2,3
DA:3,3
DA:4,3
DA:5,3
DA:6,3
DA:7,3
DA:18,3
DA:21,10
DA:22,3
DA:24,1
DA:25,3
DA:26,3
DA:31,3
DA:33,3
DA:34,2
DA:35,2
DA:36,2
DA:37,2
DA:39,1
DA:40,1
DA:41,1
DA:43,3
DA:46,1
DA:47,0
DA:48,0
DA:49,0
DA:50,0
DA:53,1
DA:54,0
DA:55,0
DA:56,0
DA:57,0
DA:60,1
DA:61,0
DA:62,0
DA:63,0
DA:64,0
DA:65,0
DA:66,0
DA:67,0
DA:68,0
DA:69,0
DA:70,0
DA:71,0
DA:75,1
DA:76,2
DA:77,2
DA:78,3
DA:82,1
DA:83,2
DA:84,2
DA:85,2
DA:86,3
DA:87,3
DA:89,2
DA:92,1
DA:93,2
DA:94,2
DA:95,2
DA:96,2
DA:97,2
DA:98,2
DA:101,1
DA:102,0
DA:103,0
DA:104,0
DA:105,0
DA:109,1
DA:110,0
DA:111,0
DA:112,0
DA:113,0
DA:114,0
DA:115,0
DA:116,0
DA:117,0
DA:118,0
DA:119,0
DA:120,0
DA:121,0
DA:124,1
DA:125,0
DA:126,0
DA:130,1
DA:131,0
DA:132,0
LF:87
LH:48
BRDA:6,0,0,0
BRDA:6,0,1,3
BRDA:18,1,0,3
BRDA:18,1,1,0
BRDA:33,2,0,2
BRDA:33,2,1,1
BRDA:33,3,0,3
BRDA:33,3,1,1
BRF:8
BRH:6
end_of_record
